Build started 05.08.2014 15:21:27.
     1>Project "C:\dev\workspaces\PotreeConverter\PotreeConverter_develop_to_laslaz\build\PotreeConverter\PotreeConverter.vcxproj" on node 2 (Build target(s)).
     1>ClCompile:
         C:\Program Files (x86)\Microsoft Visual Studio 11.0\VC\bin\x86_amd64\CL.exe /c /IC:\dev\workspaces\PotreeConverter\PotreeConverter_develop_to_laslaz\build\/../PotreeConverter/include /IC:/dev/lib/boost_1_55_0 /IC:\dev\lib\lastools\LASlib\inc /IC:\dev\lib\lastools\LASzip\src /Zi /nologo /W3 /WX- /Od /Ob0 /D WIN32 /D _WINDOWS /D _DEBUG /D "CMAKE_INTDIR=\"Debug\"" /D _MBCS /Gm- /EHsc /RTC1 /MDd /GS /fp:precise /Zc:wchar_t /Zc:forScope /GR /Fo"C:\dev\workspaces\PotreeConverter\PotreeConverter_develop_to_laslaz\build\\..\obj\\" /Fd"C:/dev/workspaces/PotreeConverter/PotreeConverter_develop/build/PotreeConverter/Debug/PotreeConverter.pdb" /Gd /TP /errorReport:prompt ..\..\PotreeConverter\src\BinPointReader.cpp ..\..\PotreeConverter\src\GridCell.cpp ..\..\PotreeConverter\src\LASPointReader.cpp ..\..\PotreeConverter\src\main.cpp ..\..\PotreeConverter\src\PotreeConverter.cpp ..\..\PotreeConverter\src\SparseGrid.cpp ..\..\PotreeConverter\src\stuff.cpp ..\..\PotreeConverter\src\XYZPointReader.cpp
         BinPointReader.cpp
     1>c:\dev\workspaces\potreeconverter\potreeconverter_develop_to_laslaz\potreeconverter\include\Point.h(52): warning C4244: 'return' : conversion from 'double' to 'float', possible loss of data
     1>c:\dev\workspaces\potreeconverter\potreeconverter_develop_to_laslaz\potreeconverter\include\Point.h(56): warning C4244: 'return' : conversion from 'double' to 'float', possible loss of data
         GridCell.cpp
     1>c:\dev\workspaces\potreeconverter\potreeconverter_develop_to_laslaz\potreeconverter\include\Point.h(52): warning C4244: 'return' : conversion from 'double' to 'float', possible loss of data
     1>c:\dev\workspaces\potreeconverter\potreeconverter_develop_to_laslaz\potreeconverter\include\Point.h(56): warning C4244: 'return' : conversion from 'double' to 'float', possible loss of data
         LASPointReader.cpp
     1>c:\dev\lib\lastools\laslib\inc\lasdefinitions.hpp(183): warning C4996: 'strncpy': This function or variable may be unsafe. Consider using strncpy_s instead. To disable deprecation, use _CRT_SECURE_NO_WARNINGS. See online help for details.
                 C:\Program Files (x86)\Microsoft Visual Studio 11.0\VC\include\string.h(191) : see declaration of 'strncpy'
     1>c:\dev\lib\lastools\laslib\inc\lasdefinitions.hpp(184): warning C4996: 'strncpy': This function or variable may be unsafe. Consider using strncpy_s instead. To disable deprecation, use _CRT_SECURE_NO_WARNINGS. See online help for details.
                 C:\Program Files (x86)\Microsoft Visual Studio 11.0\VC\include\string.h(191) : see declaration of 'strncpy'
     1>c:\dev\lib\lastools\laslib\inc\lasdefinitions.hpp(228): warning C4800: 'int' : forcing value to bool 'true' or 'false' (performance warning)
     1>c:\dev\lib\lastools\laslib\inc\lasdefinitions.hpp(229): warning C4800: 'int' : forcing value to bool 'true' or 'false' (performance warning)
     1>c:\dev\lib\lastools\laslib\inc\lasdefinitions.hpp(230): warning C4800: 'int' : forcing value to bool 'true' or 'false' (performance warning)
     1>c:\dev\lib\lastools\laslib\inc\lasdefinitions.hpp(231): warning C4800: 'int' : forcing value to bool 'true' or 'false' (performance warning)
     1>c:\dev\lib\lastools\laslib\inc\lasdefinitions.hpp(1522): warning C4996: 'strncpy': This function or variable may be unsafe. Consider using strncpy_s instead. To disable deprecation, use _CRT_SECURE_NO_WARNINGS. See online help for details.
                 C:\Program Files (x86)\Microsoft Visual Studio 11.0\VC\include\string.h(191) : see declaration of 'strncpy'
     1>c:\dev\lib\lastools\laslib\inc\lasdefinitions.hpp(1525): warning C4996: 'sprintf': This function or variable may be unsafe. Consider using sprintf_s instead. To disable deprecation, use _CRT_SECURE_NO_WARNINGS. See online help for details.
                 C:\Program Files (x86)\Microsoft Visual Studio 11.0\VC\include\stdio.h(357) : see declaration of 'sprintf'
     1>c:\dev\lib\lastools\laslib\inc\lasdefinitions.hpp(1700): warning C4267: 'argument' : conversion from 'size_t' to 'U16', possible loss of data
     1>c:\dev\lib\lastools\laslib\inc\lasdefinitions.hpp(1707): warning C4267: 'argument' : conversion from 'size_t' to 'U16', possible loss of data
     1>c:\dev\lib\lastools\laslib\inc\lasdefinitions.hpp(1723): warning C4267: 'argument' : conversion from 'size_t' to 'U16', possible loss of data
     1>c:\dev\lib\lastools\laslib\inc\lasdefinitions.hpp(1739): warning C4267: 'argument' : conversion from 'size_t' to 'U16', possible loss of data
     1>c:\dev\lib\lastools\laslib\inc\lasdefinitions.hpp(1755): warning C4267: 'argument' : conversion from 'size_t' to 'U16', possible loss of data
     1>c:\dev\lib\lastools\laslib\inc\lasdefinitions.hpp(1771): warning C4267: 'initializing' : conversion from 'size_t' to 'U16', possible loss of data
     1>c:\dev\workspaces\potreeconverter\potreeconverter_develop_to_laslaz\potreeconverter\include\Point.h(52): warning C4244: 'return' : conversion from 'double' to 'float', possible loss of data
     1>c:\dev\workspaces\potreeconverter\potreeconverter_develop_to_laslaz\potreeconverter\include\Point.h(56): warning C4244: 'return' : conversion from 'double' to 'float', possible loss of data
     1>..\..\PotreeConverter\src\LASPointReader.cpp(32): warning C4267: 'argument' : conversion from 'size_t' to 'int', possible loss of data
     1>..\..\PotreeConverter\src\LASPointReader.cpp(46): warning C4244: 'return' : conversion from 'I64' to 'long', possible loss of data
     1>..\..\PotreeConverter\src\LASPointReader.cpp(55): warning C4244: 'argument' : conversion from 'F64' to 'float', possible loss of data
         main.cpp
     1>c:\dev\workspaces\potreeconverter\potreeconverter_develop_to_laslaz\potreeconverter\include\Point.h(52): warning C4244: 'return' : conversion from 'double' to 'float', possible loss of data
     1>c:\dev\workspaces\potreeconverter\potreeconverter_develop_to_laslaz\potreeconverter\include\Point.h(56): warning C4244: 'return' : conversion from 'double' to 'float', possible loss of data
     1>c:\dev\lib\lastools\laslib\inc\lasdefinitions.hpp(183): warning C4996: 'strncpy': This function or variable may be unsafe. Consider using strncpy_s instead. To disable deprecation, use _CRT_SECURE_NO_WARNINGS. See online help for details.
                 C:\Program Files (x86)\Microsoft Visual Studio 11.0\VC\include\string.h(191) : see declaration of 'strncpy'
     1>c:\dev\lib\lastools\laslib\inc\lasdefinitions.hpp(184): warning C4996: 'strncpy': This function or variable may be unsafe. Consider using strncpy_s instead. To disable deprecation, use _CRT_SECURE_NO_WARNINGS. See online help for details.
                 C:\Program Files (x86)\Microsoft Visual Studio 11.0\VC\include\string.h(191) : see declaration of 'strncpy'
     1>c:\dev\lib\lastools\laslib\inc\lasdefinitions.hpp(228): warning C4800: 'int' : forcing value to bool 'true' or 'false' (performance warning)
     1>c:\dev\lib\lastools\laslib\inc\lasdefinitions.hpp(229): warning C4800: 'int' : forcing value to bool 'true' or 'false' (performance warning)
     1>c:\dev\lib\lastools\laslib\inc\lasdefinitions.hpp(230): warning C4800: 'int' : forcing value to bool 'true' or 'false' (performance warning)
     1>c:\dev\lib\lastools\laslib\inc\lasdefinitions.hpp(231): warning C4800: 'int' : forcing value to bool 'true' or 'false' (performance warning)
     1>c:\dev\lib\lastools\laslib\inc\lasdefinitions.hpp(1522): warning C4996: 'strncpy': This function or variable may be unsafe. Consider using strncpy_s instead. To disable deprecation, use _CRT_SECURE_NO_WARNINGS. See online help for details.
                 C:\Program Files (x86)\Microsoft Visual Studio 11.0\VC\include\string.h(191) : see declaration of 'strncpy'
     1>c:\dev\lib\lastools\laslib\inc\lasdefinitions.hpp(1525): warning C4996: 'sprintf': This function or variable may be unsafe. Consider using sprintf_s instead. To disable deprecation, use _CRT_SECURE_NO_WARNINGS. See online help for details.
                 C:\Program Files (x86)\Microsoft Visual Studio 11.0\VC\include\stdio.h(357) : see declaration of 'sprintf'
     1>c:\dev\lib\lastools\laslib\inc\lasdefinitions.hpp(1700): warning C4267: 'argument' : conversion from 'size_t' to 'U16', possible loss of data
     1>c:\dev\lib\lastools\laslib\inc\lasdefinitions.hpp(1707): warning C4267: 'argument' : conversion from 'size_t' to 'U16', possible loss of data
     1>c:\dev\lib\lastools\laslib\inc\lasdefinitions.hpp(1723): warning C4267: 'argument' : conversion from 'size_t' to 'U16', possible loss of data
     1>c:\dev\lib\lastools\laslib\inc\lasdefinitions.hpp(1739): warning C4267: 'argument' : conversion from 'size_t' to 'U16', possible loss of data
     1>c:\dev\lib\lastools\laslib\inc\lasdefinitions.hpp(1755): warning C4267: 'argument' : conversion from 'size_t' to 'U16', possible loss of data
     1>c:\dev\lib\lastools\laslib\inc\lasdefinitions.hpp(1771): warning C4267: 'initializing' : conversion from 'size_t' to 'U16', possible loss of data
     1>C:\dev\workspaces\PotreeConverter\PotreeConverter_develop_to_laslaz\PotreeConverter\include\XYZPointReader.h(80): warning C4244: '=' : conversion from 'float' to 'unsigned char', possible loss of data
     1>C:\dev\workspaces\PotreeConverter\PotreeConverter_develop_to_laslaz\PotreeConverter\include\XYZPointReader.h(82): warning C4244: '=' : conversion from 'float' to 'unsigned char', possible loss of data
     1>C:\dev\workspaces\PotreeConverter\PotreeConverter_develop_to_laslaz\PotreeConverter\include\XYZPointReader.h(84): warning C4244: '=' : conversion from 'float' to 'unsigned char', possible loss of data
     1>C:\dev\workspaces\PotreeConverter\PotreeConverter_develop_to_laslaz\PotreeConverter\include\XYZPointReader.h(86): warning C4244: '=' : conversion from 'float' to 'unsigned char', possible loss of data
     1>C:\Program Files (x86)\Microsoft Visual Studio 11.0\VC\include\xutility(2176): warning C4996: 'std::_Copy_impl': Function call with parameters that may be unsafe - this call relies on the caller to check that the passed values are correct. To disable this warning, use -D_SCL_SECURE_NO_WARNINGS. See documentation on how to use Visual C++ 'Checked Iterators'
                 C:\Program Files (x86)\Microsoft Visual Studio 11.0\VC\include\xutility(2157) : see declaration of 'std::_Copy_impl'
                 C:\dev\lib\boost_1_55_0\boost/algorithm/string/detail/classification.hpp(102) : see reference to function template instantiation '_OutIt std::copy<const char*,char*>(_InIt,_InIt,_OutIt)' being compiled
                 with
                 [
                     _OutIt=char *,
                     _InIt=const char *
                 ]
                 C:\dev\lib\boost_1_55_0\boost/algorithm/string/classification.hpp(206) : see reference to function template instantiation 'boost::algorithm::detail::is_any_ofF<CharT>::is_any_ofF<boost::iterator_range<IteratorT>>(const RangeT &)' being compiled
                 with
                 [
                     CharT=char,
                     IteratorT=const char *,
                     RangeT=boost::iterator_range<const char *>
                 ]
                 C:\dev\lib\boost_1_55_0\boost/algorithm/string/classification.hpp(206) : see reference to function template instantiation 'boost::algorithm::detail::is_any_ofF<CharT>::is_any_ofF<boost::iterator_range<IteratorT>>(const RangeT &)' being compiled
                 with
                 [
                     CharT=char,
                     IteratorT=const char *,
                     RangeT=boost::iterator_range<const char *>
                 ]
                 C:\dev\workspaces\PotreeConverter\PotreeConverter_develop_to_laslaz\PotreeConverter\include\XYZPointReader.h(67) : see reference to function template instantiation 'boost::algorithm::detail::is_any_ofF<CharT> boost::algorithm::is_any_of<const char[4]>(RangeT (&))' being compiled
                 with
                 [
                     CharT=char,
                     RangeT=const char [4]
                 ]
         PotreeConverter.cpp
     1>c:\dev\workspaces\potreeconverter\potreeconverter_develop_to_laslaz\potreeconverter\include\Point.h(52): warning C4244: 'return' : conversion from 'double' to 'float', possible loss of data
     1>c:\dev\workspaces\potreeconverter\potreeconverter_develop_to_laslaz\potreeconverter\include\Point.h(56): warning C4244: 'return' : conversion from 'double' to 'float', possible loss of data
     1>c:\dev\lib\lastools\laslib\inc\lasdefinitions.hpp(183): warning C4996: 'strncpy': This function or variable may be unsafe. Consider using strncpy_s instead. To disable deprecation, use _CRT_SECURE_NO_WARNINGS. See online help for details.
                 C:\Program Files (x86)\Microsoft Visual Studio 11.0\VC\include\string.h(191) : see declaration of 'strncpy'
     1>c:\dev\lib\lastools\laslib\inc\lasdefinitions.hpp(184): warning C4996: 'strncpy': This function or variable may be unsafe. Consider using strncpy_s instead. To disable deprecation, use _CRT_SECURE_NO_WARNINGS. See online help for details.
                 C:\Program Files (x86)\Microsoft Visual Studio 11.0\VC\include\string.h(191) : see declaration of 'strncpy'
     1>c:\dev\lib\lastools\laslib\inc\lasdefinitions.hpp(228): warning C4800: 'int' : forcing value to bool 'true' or 'false' (performance warning)
     1>c:\dev\lib\lastools\laslib\inc\lasdefinitions.hpp(229): warning C4800: 'int' : forcing value to bool 'true' or 'false' (performance warning)
     1>c:\dev\lib\lastools\laslib\inc\lasdefinitions.hpp(230): warning C4800: 'int' : forcing value to bool 'true' or 'false' (performance warning)
     1>c:\dev\lib\lastools\laslib\inc\lasdefinitions.hpp(231): warning C4800: 'int' : forcing value to bool 'true' or 'false' (performance warning)
     1>c:\dev\lib\lastools\laslib\inc\lasdefinitions.hpp(1522): warning C4996: 'strncpy': This function or variable may be unsafe. Consider using strncpy_s instead. To disable deprecation, use _CRT_SECURE_NO_WARNINGS. See online help for details.
                 C:\Program Files (x86)\Microsoft Visual Studio 11.0\VC\include\string.h(191) : see declaration of 'strncpy'
     1>c:\dev\lib\lastools\laslib\inc\lasdefinitions.hpp(1525): warning C4996: 'sprintf': This function or variable may be unsafe. Consider using sprintf_s instead. To disable deprecation, use _CRT_SECURE_NO_WARNINGS. See online help for details.
                 C:\Program Files (x86)\Microsoft Visual Studio 11.0\VC\include\stdio.h(357) : see declaration of 'sprintf'
     1>c:\dev\lib\lastools\laslib\inc\lasdefinitions.hpp(1700): warning C4267: 'argument' : conversion from 'size_t' to 'U16', possible loss of data
     1>c:\dev\lib\lastools\laslib\inc\lasdefinitions.hpp(1707): warning C4267: 'argument' : conversion from 'size_t' to 'U16', possible loss of data
     1>c:\dev\lib\lastools\laslib\inc\lasdefinitions.hpp(1723): warning C4267: 'argument' : conversion from 'size_t' to 'U16', possible loss of data
     1>c:\dev\lib\lastools\laslib\inc\lasdefinitions.hpp(1739): warning C4267: 'argument' : conversion from 'size_t' to 'U16', possible loss of data
     1>c:\dev\lib\lastools\laslib\inc\lasdefinitions.hpp(1755): warning C4267: 'argument' : conversion from 'size_t' to 'U16', possible loss of data
     1>c:\dev\lib\lastools\laslib\inc\lasdefinitions.hpp(1771): warning C4267: 'initializing' : conversion from 'size_t' to 'U16', possible loss of data
         SparseGrid.cpp
     1>c:\dev\workspaces\potreeconverter\potreeconverter_develop_to_laslaz\potreeconverter\include\Point.h(52): warning C4244: 'return' : conversion from 'double' to 'float', possible loss of data
     1>c:\dev\workspaces\potreeconverter\potreeconverter_develop_to_laslaz\potreeconverter\include\Point.h(56): warning C4244: 'return' : conversion from 'double' to 'float', possible loss of data
     1>..\..\PotreeConverter\src\SparseGrid.cpp(7): warning C4244: '=' : conversion from 'double' to 'int', possible loss of data
     1>..\..\PotreeConverter\src\SparseGrid.cpp(8): warning C4244: '=' : conversion from 'double' to 'int', possible loss of data
     1>..\..\PotreeConverter\src\SparseGrid.cpp(9): warning C4244: '=' : conversion from 'double' to 'int', possible loss of data
         stuff.cpp
     1>c:\dev\workspaces\potreeconverter\potreeconverter_develop_to_laslaz\potreeconverter\include\Point.h(52): warning C4244: 'return' : conversion from 'double' to 'float', possible loss of data
     1>c:\dev\workspaces\potreeconverter\potreeconverter_develop_to_laslaz\potreeconverter\include\Point.h(56): warning C4244: 'return' : conversion from 'double' to 'float', possible loss of data
         XYZPointReader.cpp
         Generating Code...
       Link:
         C:\Program Files (x86)\Microsoft Visual Studio 11.0\VC\bin\x86_amd64\link.exe /ERRORREPORT:PROMPT /OUT:"C:\dev\workspaces\PotreeConverter\PotreeConverter_develop_to_laslaz\build\\..\bin\PotreeConverter.exe" /INCREMENTAL /NOLOGO kernel32.lib user32.lib gdi32.lib winspool.lib shell32.lib ole32.lib oleaut32.lib uuid.lib comdlg32.lib advapi32.lib "C:\Boost\lib\libboost_system-vc110-mt-gd-1_55.lib" "C:\Boost\lib\libboost_thread-vc110-mt-gd-1_55.lib" "C:\Boost\lib\libboost_filesystem-vc110-mt-gd-1_55.lib" "C:\Boost\lib\libboost_program_options-vc110-mt-gd-1_55.lib" C:\dev\lib\lastools\x64\ReleaseDLL\laslib.lib /MANIFEST /MANIFESTUAC:"level='asInvoker' uiAccess='false'" /manifest:embed /DEBUG /PDB:"C:/dev/workspaces/PotreeConverter/PotreeConverter_develop/build/PotreeConverter/Debug/PotreeConverter.pdb" /SUBSYSTEM:CONSOLE /TLBID:1 /DYNAMICBASE /NXCOMPAT /IMPLIB:"C:/dev/workspaces/PotreeConverter/PotreeConverter_develop/build/PotreeConverter/Debug/PotreeConverter.lib" /MACHINE:X64 /PROFILE  /machine:x64 /debug C:\dev\workspaces\PotreeConverter\PotreeConverter_develop_to_laslaz\build\\..\obj\BinPointReader.obj
         C:\dev\workspaces\PotreeConverter\PotreeConverter_develop_to_laslaz\build\\..\obj\GridCell.obj
         C:\dev\workspaces\PotreeConverter\PotreeConverter_develop_to_laslaz\build\\..\obj\LASPointReader.obj
         C:\dev\workspaces\PotreeConverter\PotreeConverter_develop_to_laslaz\build\\..\obj\main.obj
         C:\dev\workspaces\PotreeConverter\PotreeConverter_develop_to_laslaz\build\\..\obj\PotreeConverter.obj
         C:\dev\workspaces\PotreeConverter\PotreeConverter_develop_to_laslaz\build\\..\obj\SparseGrid.obj
         C:\dev\workspaces\PotreeConverter\PotreeConverter_develop_to_laslaz\build\\..\obj\stuff.obj
         C:\dev\workspaces\PotreeConverter\PotreeConverter_develop_to_laslaz\build\\..\obj\XYZPointReader.obj
     1>LINK : warning LNK4075: ignoring '/INCREMENTAL' due to '/PROFILE' specification
         PotreeConverter.vcxproj -> C:\dev\workspaces\PotreeConverter\PotreeConverter_develop_to_laslaz\build\\..\bin\PotreeConverter.exe
     1>Done Building Project "C:\dev\workspaces\PotreeConverter\PotreeConverter_develop_to_laslaz\build\PotreeConverter\PotreeConverter.vcxproj" (Build target(s)).

Build succeeded.

Time Elapsed 00:00:18.49
