Build started 06.08.2014 11:50:02.
     1>Project "C:\dev\workspaces\PotreeConverter\PotreeConverter_develop_to_laslaz\build\PotreeConverter\PotreeConverter.vcxproj" on node 2 (Build target(s)).
     1>C:\Program Files (x86)\MSBuild\Microsoft.Cpp\v4.0\V110\Microsoft.CppBuild.targets(345,5): warning MSB8004: Intermediate Directory does not end with a trailing slash.  This build instance will add the slash as it is required to allow proper evaluation of the Intermediate Directory.
     1>C:\Program Files (x86)\MSBuild\Microsoft.Cpp\v4.0\V110\Microsoft.CppBuild.targets(346,5): warning MSB8004: Output Directory does not end with a trailing slash.  This build instance will add the slash as it is required to allow proper evaluation of the Output Directory.
     1>ClCompile:
         C:\Program Files (x86)\Microsoft Visual Studio 11.0\VC\bin\x86_amd64\CL.exe /c /IC:\dev\workspaces\PotreeConverter\PotreeConverter_develop_to_laslaz\build\/../PotreeConverter/include /IC:/dev/lib/boost_1_55_0 /IC:\dev\lib\lastools\LASlib\inc /IC:\dev\lib\lastools\LASzip\src /Zi /nologo /W3 /WX- /Od /Ob0 /D WIN32 /D _WINDOWS /D _DEBUG /D "CMAKE_INTDIR=\"Debug\"" /D _MBCS /Gm- /EHsc /RTC1 /MDd /GS /fp:precise /Zc:wchar_t /Zc:forScope /GR /Fo"C:\dev\workspaces\PotreeConverter\PotreeConverter_develop_to_laslaz\build\\..\obj\Debug\\" /Fd"C:/dev/workspaces/PotreeConverter/PotreeConverter_develop/build/PotreeConverter/Debug/PotreeConverter.pdb" /Gd /TP /errorReport:prompt ..\..\PotreeConverter\src\PotreeConverter.cpp
         PotreeConverter.cpp
     1>C:\dev\lib\lastools\LASlib\inc\lasdefinitions.hpp(183): warning C4996: 'strncpy': This function or variable may be unsafe. Consider using strncpy_s instead. To disable deprecation, use _CRT_SECURE_NO_WARNINGS. See online help for details.
                 C:\Program Files (x86)\Microsoft Visual Studio 11.0\VC\include\string.h(191) : see declaration of 'strncpy'
     1>C:\dev\lib\lastools\LASlib\inc\lasdefinitions.hpp(184): warning C4996: 'strncpy': This function or variable may be unsafe. Consider using strncpy_s instead. To disable deprecation, use _CRT_SECURE_NO_WARNINGS. See online help for details.
                 C:\Program Files (x86)\Microsoft Visual Studio 11.0\VC\include\string.h(191) : see declaration of 'strncpy'
     1>C:\dev\lib\lastools\LASlib\inc\lasdefinitions.hpp(228): warning C4800: 'int' : forcing value to bool 'true' or 'false' (performance warning)
     1>C:\dev\lib\lastools\LASlib\inc\lasdefinitions.hpp(229): warning C4800: 'int' : forcing value to bool 'true' or 'false' (performance warning)
     1>C:\dev\lib\lastools\LASlib\inc\lasdefinitions.hpp(230): warning C4800: 'int' : forcing value to bool 'true' or 'false' (performance warning)
     1>C:\dev\lib\lastools\LASlib\inc\lasdefinitions.hpp(231): warning C4800: 'int' : forcing value to bool 'true' or 'false' (performance warning)
     1>C:\dev\lib\lastools\LASlib\inc\lasdefinitions.hpp(1522): warning C4996: 'strncpy': This function or variable may be unsafe. Consider using strncpy_s instead. To disable deprecation, use _CRT_SECURE_NO_WARNINGS. See online help for details.
                 C:\Program Files (x86)\Microsoft Visual Studio 11.0\VC\include\string.h(191) : see declaration of 'strncpy'
     1>C:\dev\lib\lastools\LASlib\inc\lasdefinitions.hpp(1525): warning C4996: 'sprintf': This function or variable may be unsafe. Consider using sprintf_s instead. To disable deprecation, use _CRT_SECURE_NO_WARNINGS. See online help for details.
                 C:\Program Files (x86)\Microsoft Visual Studio 11.0\VC\include\stdio.h(357) : see declaration of 'sprintf'
     1>C:\dev\lib\lastools\LASlib\inc\lasdefinitions.hpp(1700): warning C4267: 'argument' : conversion from 'size_t' to 'U16', possible loss of data
     1>C:\dev\lib\lastools\LASlib\inc\lasdefinitions.hpp(1707): warning C4267: 'argument' : conversion from 'size_t' to 'U16', possible loss of data
     1>C:\dev\lib\lastools\LASlib\inc\lasdefinitions.hpp(1723): warning C4267: 'argument' : conversion from 'size_t' to 'U16', possible loss of data
     1>C:\dev\lib\lastools\LASlib\inc\lasdefinitions.hpp(1739): warning C4267: 'argument' : conversion from 'size_t' to 'U16', possible loss of data
     1>C:\dev\lib\lastools\LASlib\inc\lasdefinitions.hpp(1755): warning C4267: 'argument' : conversion from 'size_t' to 'U16', possible loss of data
     1>C:\dev\lib\lastools\LASlib\inc\lasdefinitions.hpp(1771): warning C4267: 'initializing' : conversion from 'size_t' to 'U16', possible loss of data
     1>c:\dev\workspaces\potreeconverter\potreeconverter_develop_to_laslaz\potreeconverter\include\Point.h(53): warning C4244: 'return' : conversion from 'double' to 'float', possible loss of data
     1>c:\dev\workspaces\potreeconverter\potreeconverter_develop_to_laslaz\potreeconverter\include\Point.h(57): warning C4244: 'return' : conversion from 'double' to 'float', possible loss of data
       Link:
         C:\Program Files (x86)\Microsoft Visual Studio 11.0\VC\bin\x86_amd64\link.exe /ERRORREPORT:PROMPT /OUT:"C:\dev\workspaces\PotreeConverter\PotreeConverter_develop_to_laslaz\build\\..\bin\Debug\PotreeConverter.exe" /INCREMENTAL /NOLOGO kernel32.lib user32.lib gdi32.lib winspool.lib shell32.lib ole32.lib oleaut32.lib uuid.lib comdlg32.lib advapi32.lib "C:\Boost\lib\libboost_system-vc110-mt-gd-1_55.lib" "C:\Boost\lib\libboost_thread-vc110-mt-gd-1_55.lib" "C:\Boost\lib\libboost_filesystem-vc110-mt-gd-1_55.lib" "C:\Boost\lib\libboost_program_options-vc110-mt-gd-1_55.lib" C:\dev\lib\lastools\x64\DebugDLL\laslib.lib /MANIFEST /MANIFESTUAC:"level='asInvoker' uiAccess='false'" /manifest:embed /DEBUG /PDB:"C:/dev/workspaces/PotreeConverter/PotreeConverter_develop/build/PotreeConverter/Debug/PotreeConverter.pdb" /SUBSYSTEM:CONSOLE /TLBID:1 /DYNAMICBASE /NXCOMPAT /IMPLIB:"C:/dev/workspaces/PotreeConverter/PotreeConverter_develop/build/PotreeConverter/Debug/PotreeConverter.lib" /MACHINE:X64 /PROFILE  /machine:x64 /debug C:\dev\workspaces\PotreeConverter\PotreeConverter_develop_to_laslaz\build\\..\obj\Debug\BinPointReader.obj
         C:\dev\workspaces\PotreeConverter\PotreeConverter_develop_to_laslaz\build\\..\obj\Debug\GridCell.obj
         C:\dev\workspaces\PotreeConverter\PotreeConverter_develop_to_laslaz\build\\..\obj\Debug\LASPointReader.obj
         C:\dev\workspaces\PotreeConverter\PotreeConverter_develop_to_laslaz\build\\..\obj\Debug\main.obj
         C:\dev\workspaces\PotreeConverter\PotreeConverter_develop_to_laslaz\build\\..\obj\Debug\PotreeConverter.obj
         C:\dev\workspaces\PotreeConverter\PotreeConverter_develop_to_laslaz\build\\..\obj\Debug\SparseGrid.obj
         C:\dev\workspaces\PotreeConverter\PotreeConverter_develop_to_laslaz\build\\..\obj\Debug\stuff.obj
         C:\dev\workspaces\PotreeConverter\PotreeConverter_develop_to_laslaz\build\\..\obj\Debug\XYZPointReader.obj
     1>LINK : warning LNK4075: ignoring '/INCREMENTAL' due to '/PROFILE' specification
         PotreeConverter.vcxproj -> C:\dev\workspaces\PotreeConverter\PotreeConverter_develop_to_laslaz\build\\..\bin\Debug\PotreeConverter.exe
     1>Done Building Project "C:\dev\workspaces\PotreeConverter\PotreeConverter_develop_to_laslaz\build\PotreeConverter\PotreeConverter.vcxproj" (Build target(s)).

Build succeeded.

Time Elapsed 00:00:04.22
